<?xml version="1.0" encoding="UTF-8"?>
<!-- Generated by org.testng.reporters.JUnitReportReporter -->
<testsuite hostname="DESKTOP-4A6VTUP" failures="0" tests="1" name="Tests_PATCH" time="3.764" errors="0" timestamp="2022-03-24T11:27:58 IST" skipped="0">
  <testcase classname="Tests_PATCH" name="test_put" time="3.764"/>
  <system-out/>
</testsuite> <!-- Tests_PATCH -->
