<?xml version="1.0" encoding="UTF-8"?>
<!-- Generated by org.testng.reporters.JUnitReportReporter -->
<testsuite hostname="DESKTOP-4A6VTUP" failures="0" tests="1" name="Tests_GET" time="3.520" errors="0" timestamp="2022-03-24T10:49:51 IST" skipped="0">
  <testcase classname="Tests_GET" name="test_1" time="3.520"/>
  <system-out/>
</testsuite> <!-- Tests_GET -->
