<?xml version="1.0" encoding="UTF-8"?>
<!-- Generated by org.testng.reporters.JUnitReportReporter -->
<testsuite hostname="DESKTOP-4A6VTUP" failures="0" tests="1" name="OwnAPI" time="1.744" errors="0" timestamp="2022-03-24T16:31:24 IST" skipped="0">
  <testcase classname="OwnAPI" name="test_get" time="1.744"/>
  <system-out/>
</testsuite> <!-- OwnAPI -->
