<?xml version="1.0" encoding="UTF-8"?>
<!-- Generated by org.testng.reporters.JUnitReportReporter -->
<testsuite hostname="DESKTOP-4A6VTUP" failures="0" tests="1" name="DataDrivenTesting.DataDrivenExamples1" time="1.571" errors="0" timestamp="2022-03-25T10:40:19 IST" skipped="0">
  <testcase classname="DataDrivenTesting.DataDrivenExamples1" name="test_delete2" time="1.571"/>
  <system-out/>
</testsuite> <!-- DataDrivenTesting.DataDrivenExamples1 -->
