<?xml version="1.0" encoding="UTF-8"?>
<!-- Generated by org.testng.reporters.JUnitReportReporter -->
<testsuite hostname="DESKTOP-4A6VTUP" failures="0" tests="1" name="Tests_Post" time="2.935" errors="0" timestamp="2022-03-24T11:15:02 IST" skipped="0">
  <testcase classname="Tests_Post" name="test_1_post" time="2.935"/>
  <system-out/>
</testsuite> <!-- Tests_Post -->
