<?xml version="1.0" encoding="UTF-8"?>
<!-- Generated by org.testng.reporters.JUnitReportReporter -->
<testsuite hostname="DESKTOP-4A6VTUP" failures="0" tests="1" name="Test01_GET" time="2.966" errors="0" timestamp="2022-03-24T10:30:19 IST" skipped="0">
  <testcase classname="Test01_GET" name="test_01" time="2.966"/>
  <system-out/>
</testsuite> <!-- Test01_GET -->
