<?xml version="1.0" encoding="UTF-8"?>
<!-- Generated by org.testng.reporters.JUnitReportReporter -->
<testsuite hostname="DESKTOP-4A6VTUP" failures="0" tests="1" name="ownAPI.OwnAPI" time="1.515" errors="0" timestamp="2022-03-24T17:05:31 IST" skipped="0">
  <testcase classname="ownAPI.OwnAPI" name="test_delete" time="1.515"/>
  <system-out/>
</testsuite> <!-- ownAPI.OwnAPI -->
