<?xml version="1.0" encoding="UTF-8"?>
<!-- Generated by org.testng.reporters.JUnitReportReporter -->
<testsuite hostname="DESKTOP-4A6VTUP" failures="0" tests="1" name="Tests_PUT" time="2.959" errors="0" timestamp="2022-03-24T11:20:42 IST" skipped="0">
  <testcase classname="Tests_PUT" name="test_put" time="2.959"/>
  <system-out/>
</testsuite> <!-- Tests_PUT -->
