<?xml version="1.0" encoding="UTF-8"?>
<!-- Generated by org.testng.reporters.JUnitReportReporter -->
<testsuite hostname="DESKTOP-4A6VTUP" failures="0" tests="1" name="Tests_DELETE" time="2.921" errors="0" timestamp="2022-03-24T11:30:57 IST" skipped="0">
  <testcase classname="Tests_DELETE" name="test_put" time="2.921"/>
  <system-out/>
</testsuite> <!-- Tests_DELETE -->
